2019-09-18 15:18:05,122     INFO [                  work.py     create_startBox   118] <class 'int'>
2019-09-18 15:18:05,123     INFO [                  work.py     create_startBox   118] <class 'list'>
2019-09-18 15:18:05,123     INFO [                  work.py     create_startBox   118] <class 'int'>
2019-09-18 15:18:05,123     INFO [                  work.py     create_startBox   118] <class 'int'>
2019-09-18 15:18:05,124     INFO [                  work.py     create_startBox   118] <class 'int'>
2019-09-18 15:18:05,124     INFO [                  work.py     create_startBox   118] <class 'dict'>
2019-09-18 15:18:05,124     INFO [                  work.py     create_startBox   118] <class 'int'>
2019-09-18 15:19:29,517     INFO [                  work.py     create_startBox   118] <class 'int'>
2019-09-18 15:19:29,518     INFO [                  work.py     create_startBox   118] <class 'dict'>
2019-09-18 15:19:29,518     INFO [                  work.py     create_startBox   122] {'port': 3307, 'username': 'root', 'dbname': 'mysql', 'ip': '192.168.3.79', 'dbtype': 'mysql', 'password': '123456'}
2019-09-18 15:19:29,518     INFO [                  work.py     create_startBox   118] <class 'int'>
2019-09-18 15:19:29,519     INFO [                  work.py     create_startBox   118] <class 'int'>
2019-09-18 15:19:29,519     INFO [                  work.py     create_startBox   118] <class 'int'>
2019-09-18 15:19:29,519     INFO [                  work.py     create_startBox   118] <class 'int'>
2019-09-18 15:19:29,519     INFO [                  work.py     create_startBox   118] <class 'list'>
2019-09-18 15:19:29,519     INFO [                  work.py     create_startBox   122] [{'port': 4290, 'delay': 0, 'startid': 1, 'instance': 1, 'ip': '192.168.3.79', 'endid': 1000, 'concurrency': 5}]
2019-09-18 15:21:33,738     INFO [                  work.py     create_startBox   118] <class 'int'>
2019-09-18 15:21:33,739     INFO [                  work.py     create_startBox   118] <class 'int'>
2019-09-18 15:21:33,739     INFO [                  work.py     create_startBox   118] <class 'int'>
2019-09-18 15:21:33,739     INFO [                  work.py     create_startBox   118] <class 'list'>
2019-09-18 15:21:33,739     INFO [                  work.py     create_startBox   122] [{'ip': '192.168.3.79', 'endid': 1000, 'startid': 1, 'delay': 0, 'instance': 1, 'port': 4290, 'concurrency': 5}]
2019-09-18 15:23:03,863     INFO [                  work.py     create_startBox   118] <class 'int'>
2019-09-18 15:23:03,865     INFO [                  work.py     create_startBox   118] <class 'dict'>
2019-09-18 15:23:03,865     INFO [                  work.py     create_startBox   122] {'username': 'root', 'ip': '192.168.3.79', 'dbname': 'mysql', 'port': 3307, 'password': '123456', 'dbtype': 'mysql'}
2019-09-18 15:23:03,866     INFO [                  work.py     create_startBox   118] <class 'int'>
2019-09-18 15:23:03,866     INFO [                  work.py     create_startBox   118] <class 'int'>
2019-09-18 15:23:03,866     INFO [                  work.py     create_startBox   118] <class 'int'>
2019-09-18 15:23:03,866     INFO [                  work.py     create_startBox   118] <class 'int'>
2019-09-18 15:23:03,867     INFO [                  work.py     create_startBox   118] <class 'list'>
2019-09-18 15:23:03,867     INFO [                  work.py     create_startBox   122] [{'endid': 1000, 'delay': 0, 'startid': 1, 'ip': '192.168.3.79', 'instance': 1, 'port': 4290, 'concurrency': 5}]
2019-09-18 15:26:57,252     INFO [                  work.py     create_startBox   118] <class 'int'>
2019-09-18 15:26:57,253     INFO [                  work.py     create_startBox   122] 1000
2019-09-18 15:27:26,872     INFO [                  work.py     create_startBox   118] <class 'int'>
2019-09-18 15:27:26,873     INFO [                  work.py     create_startBox   118] <class 'int'>
2019-09-18 15:27:26,873     INFO [                  work.py     create_startBox   118] <class 'int'>
2019-09-18 15:27:26,873     INFO [                  work.py     create_startBox   118] <class 'int'>
2019-09-18 15:27:26,873     INFO [                  work.py     create_startBox   118] <class 'list'>
2019-09-18 15:27:26,873     INFO [                  work.py     create_startBox   128] [{'startid': 1, 'port': 4290, 'concurrency': 5, 'endid': 1000, 'ip': '192.168.3.79', 'delay': 0, 'instance': 1}]
2019-09-18 15:27:26,874     INFO [                  work.py     create_startBox   118] <class 'int'>
2019-09-18 15:27:26,874     INFO [                  work.py     create_startBox   118] <class 'dict'>
2019-09-18 15:27:26,874     INFO [                  work.py     create_startBox   122] {'port': 3307, 'username': 'root', 'dbtype': 'mysql', 'ip': '192.168.3.79', 'password': '123456', 'dbname': 'mysql'}
2019-09-18 15:29:11,514     INFO [                  work.py     create_startBox   118] <class 'int'>
2019-09-18 15:29:11,514     INFO [                  work.py     create_startBox   118] <class 'int'>
2019-09-18 15:29:11,515     INFO [                  work.py     create_startBox   118] <class 'list'>
2019-09-18 15:29:11,515     INFO [                  work.py     create_startBox   128] [{'startid': 1, 'delay': 0, 'endid': 1000, 'concurrency': 5, 'ip': '192.168.3.79', 'port': 4290, 'instance': 1}]
2019-09-18 15:29:11,515     INFO [                  work.py     create_startBox   118] <class 'int'>
2019-09-18 15:29:11,515     INFO [                  work.py     create_startBox   118] <class 'dict'>
2019-09-18 15:29:11,515     INFO [                  work.py     create_startBox   122] {'username': 'root', 'password': '123456', 'dbname': 'mysql', 'ip': '192.168.3.79', 'port': 3307, 'dbtype': 'mysql'}
2019-09-18 15:29:11,515     INFO [                  work.py     create_startBox   118] <class 'int'>
2019-09-18 15:29:11,516     INFO [                  work.py     create_startBox   118] <class 'int'>
2019-09-18 15:29:49,014     INFO [                  work.py     create_startBox   118] {'ip': '192.168.3.79', 'port': 3307, 'dbtype': 'mysql', 'username': 'root', 'password': '123456', 'dbname': 'mysql'}
2019-09-18 15:29:49,015     INFO [                  work.py     create_startBox   118] 60
2019-09-18 15:29:49,015     INFO [                  work.py     create_startBox   118] 1000
2019-09-18 15:29:49,015     INFO [                  work.py     create_startBox   118] 0
2019-09-18 15:29:49,016     INFO [                  work.py     create_startBox   118] 500
2019-09-18 15:29:49,016     INFO [                  work.py     create_startBox   118] 240
2019-09-18 15:29:49,016     INFO [                  work.py     create_startBox   118] [{'ip': '192.168.3.79', 'instance': 1, 'port': 4290, 'delay': 0, 'concurrency': 5, 'startid': 1, 'endid': 1000}]
2019-09-18 15:31:02,989     INFO [                  work.py     create_startBox   118] 500
2019-09-18 15:31:02,989     INFO [                  work.py     create_startBox   118] 240
2019-09-18 15:31:02,990     INFO [                  work.py     create_startBox   118] [{'delay': 0, 'port': 4290, 'endid': 1000, 'instance': 1, 'ip': '192.168.3.79', 'concurrency': 5, 'startid': 1}]
2019-09-18 15:31:02,990     INFO [                  work.py     create_startBox   118] 1000
2019-09-18 15:31:02,990     INFO [                  work.py     create_startBox   118] 0
2019-09-18 15:31:02,990     INFO [                  work.py     create_startBox   118] {'username': 'root', 'password': '123456', 'dbtype': 'mysql', 'port': 3307, 'dbname': 'mysql', 'ip': '192.168.3.79'}
2019-09-18 15:31:02,991     INFO [                  work.py     create_startBox   118] 60
2019-09-18 15:31:14,556     INFO [                  work.py     create_startBox   118] 1000
2019-09-18 15:31:14,557     INFO [                  work.py     create_startBox   118] 0
2019-09-18 15:31:14,557     INFO [                  work.py     create_startBox   118] {'dbname': 'mysql', 'password': '123456', 'ip': '192.168.3.79', 'dbtype': 'mysql', 'port': 3307, 'username': 'root'}
2019-09-18 15:31:14,557     INFO [                  work.py     create_startBox   118] 60
2019-09-18 15:31:14,557     INFO [                  work.py     create_startBox   118] 500
2019-09-18 15:31:14,557     INFO [                  work.py     create_startBox   118] [{'startid': 1, 'delay': 0, 'instance': 1, 'endid': 1000, 'ip': '192.168.3.79', 'concurrency': 5, 'port': 4290}]
2019-09-18 15:31:14,558     INFO [                  work.py     create_startBox   118] 240
2019-09-18 15:31:19,654     INFO [                  work.py     create_startBox   118] 1000
2019-09-18 15:31:19,655     INFO [                  work.py     create_startBox   118] 60
2019-09-18 15:31:19,655     INFO [                  work.py     create_startBox   118] 240
2019-09-18 15:31:19,655     INFO [                  work.py     create_startBox   118] {'dbname': 'mysql', 'port': 3307, 'password': '123456', 'username': 'root', 'dbtype': 'mysql', 'ip': '192.168.3.79'}
2019-09-18 15:31:19,655     INFO [                  work.py     create_startBox   118] [{'port': 4290, 'delay': 0, 'startid': 1, 'instance': 1, 'concurrency': 5, 'endid': 1000, 'ip': '192.168.3.79'}]
2019-09-18 15:31:19,656     INFO [                  work.py     create_startBox   118] 500
2019-09-18 15:31:19,656     INFO [                  work.py     create_startBox   118] 0
2019-09-18 15:31:24,006     INFO [                  work.py     create_startBox   118] {'ip': '192.168.3.79', 'port': 3307, 'username': 'root', 'dbtype': 'mysql', 'password': '123456', 'dbname': 'mysql'}
2019-09-18 15:31:24,007     INFO [                  work.py     create_startBox   118] 0
2019-09-18 15:31:24,007     INFO [                  work.py     create_startBox   118] 500
2019-09-18 15:31:24,007     INFO [                  work.py     create_startBox   118] [{'ip': '192.168.3.79', 'port': 4290, 'delay': 0, 'endid': 1000, 'concurrency': 5, 'startid': 1, 'instance': 1}]
2019-09-18 15:31:24,008     INFO [                  work.py     create_startBox   118] 240
2019-09-18 15:31:24,008     INFO [                  work.py     create_startBox   118] 1000
2019-09-18 15:31:24,008     INFO [                  work.py     create_startBox   118] 60
2019-09-18 15:31:28,426     INFO [                  work.py     create_startBox   118] 1000
2019-09-18 15:31:28,427     INFO [                  work.py     create_startBox   118] 0
2019-09-18 15:31:28,427     INFO [                  work.py     create_startBox   118] [{'concurrency': 5, 'startid': 1, 'delay': 0, 'instance': 1, 'endid': 1000, 'port': 4290, 'ip': '192.168.3.79'}]
2019-09-18 15:31:28,428     INFO [                  work.py     create_startBox   118] {'password': '123456', 'username': 'root', 'dbtype': 'mysql', 'dbname': 'mysql', 'port': 3307, 'ip': '192.168.3.79'}
2019-09-18 15:31:28,428     INFO [                  work.py     create_startBox   118] 60
2019-09-18 15:31:28,428     INFO [                  work.py     create_startBox   118] 500
2019-09-18 15:31:28,428     INFO [                  work.py     create_startBox   118] 240
2019-09-18 15:31:30,768     INFO [                  work.py     create_startBox   118] {'dbtype': 'mysql', 'password': '123456', 'dbname': 'mysql', 'username': 'root', 'ip': '192.168.3.79', 'port': 3307}
2019-09-18 15:31:30,769     INFO [                  work.py     create_startBox   118] 240
2019-09-18 15:31:30,769     INFO [                  work.py     create_startBox   118] 0
2019-09-18 15:31:30,769     INFO [                  work.py     create_startBox   118] 1000
2019-09-18 15:31:30,769     INFO [                  work.py     create_startBox   118] 60
2019-09-18 15:31:30,770     INFO [                  work.py     create_startBox   118] 500
2019-09-18 15:31:30,770     INFO [                  work.py     create_startBox   118] [{'concurrency': 5, 'port': 4290, 'startid': 1, 'ip': '192.168.3.79', 'instance': 1, 'endid': 1000, 'delay': 0}]
2019-09-18 15:31:46,010     INFO [                  work.py     create_startBox   118] [{'concurrency': 5, 'endid': 1000, 'instance': 1, 'port': 4290, 'delay': 0, 'ip': '192.168.3.79', 'startid': 1}]
2019-09-18 15:31:46,011     INFO [                  work.py     create_startBox   118] 60
2019-09-18 15:31:46,011     INFO [                  work.py     create_startBox   118] 0
2019-09-18 15:31:46,011     INFO [                  work.py     create_startBox   118] 500
2019-09-18 15:31:46,011     INFO [                  work.py     create_startBox   118] {'dbname': 'mysql', 'port': 3307, 'dbtype': 'mysql', 'username': 'root', 'ip': '192.168.3.79', 'password': '123456'}
2019-09-18 15:31:46,012     INFO [                  work.py     create_startBox   118] 1000
2019-09-18 15:31:46,012     INFO [                  work.py     create_startBox   118] 240
2019-09-18 15:31:56,848     INFO [                  work.py     create_startBox   118] 1000
2019-09-18 15:31:56,849     INFO [                  work.py     create_startBox   118] 500
2019-09-18 15:31:56,849     INFO [                  work.py     create_startBox   118] {'ip': '192.168.3.79', 'dbname': 'mysql', 'password': '123456', 'username': 'root', 'port': 3307, 'dbtype': 'mysql'}
2019-09-18 15:31:56,849     INFO [                  work.py     create_startBox   118] [{'ip': '192.168.3.79', 'delay': 0, 'concurrency': 5, 'port': 4290, 'instance': 1, 'startid': 1, 'endid': 1000}]
2019-09-18 15:31:56,850     INFO [                  work.py     create_startBox   118] 240
2019-09-18 15:31:56,850     INFO [                  work.py     create_startBox   118] 0
2019-09-18 15:31:56,850     INFO [                  work.py     create_startBox   118] 60
2019-09-18 15:32:02,523     INFO [                  work.py     create_startBox   118] {'ip': '192.168.3.79', 'password': '123456', 'dbtype': 'mysql', 'port': 3307, 'dbname': 'mysql', 'username': 'root'}
2019-09-18 15:32:02,524     INFO [                  work.py     create_startBox   118] 0
2019-09-18 15:32:02,524     INFO [                  work.py     create_startBox   118] 60
2019-09-18 15:32:02,524     INFO [                  work.py     create_startBox   118] 1000
2019-09-18 15:32:02,524     INFO [                  work.py     create_startBox   118] 240
2019-09-18 15:32:02,524     INFO [                  work.py     create_startBox   118] 500
2019-09-18 15:32:02,525     INFO [                  work.py     create_startBox   118] [{'ip': '192.168.3.79', 'concurrency': 5, 'delay': 0, 'instance': 1, 'endid': 1000, 'port': 4290, 'startid': 1}]
2019-09-18 15:32:12,431     INFO [                  work.py     create_startBox   118] 240
2019-09-18 15:32:12,431     INFO [                  work.py     create_startBox   118] [{'instance': 1, 'endid': 1000, 'startid': 1, 'ip': '192.168.3.79', 'port': 4290, 'delay': 0, 'concurrency': 5}]
2019-09-18 15:32:12,432     INFO [                  work.py     create_startBox   118] 60
2019-09-18 15:32:12,432     INFO [                  work.py     create_startBox   118] 0
2019-09-18 15:32:12,432     INFO [                  work.py     create_startBox   118] 1000
2019-09-18 15:32:12,432     INFO [                  work.py     create_startBox   118] {'dbtype': 'mysql', 'dbname': 'mysql', 'password': '123456', 'ip': '192.168.3.79', 'port': 3307, 'username': 'root'}
2019-09-18 15:32:12,433     INFO [                  work.py     create_startBox   118] 500
2019-09-18 15:32:17,160     INFO [                  work.py     create_startBox   118] 0
2019-09-18 15:32:17,161     INFO [                  work.py     create_startBox   118] 1000
2019-09-18 15:32:17,161     INFO [                  work.py     create_startBox   118] 240
2019-09-18 15:32:17,161     INFO [                  work.py     create_startBox   118] [{'endid': 1000, 'concurrency': 5, 'startid': 1, 'port': 4290, 'instance': 1, 'delay': 0, 'ip': '192.168.3.79'}]
2019-09-18 15:32:17,162     INFO [                  work.py     create_startBox   118] 500
2019-09-18 15:32:17,162     INFO [                  work.py     create_startBox   118] {'password': '123456', 'dbtype': 'mysql', 'dbname': 'mysql', 'port': 3307, 'ip': '192.168.3.79', 'username': 'root'}
2019-09-18 15:32:17,162     INFO [                  work.py     create_startBox   118] 60
2019-09-18 15:32:21,728     INFO [                  work.py     create_startBox   118] 60
2019-09-18 15:32:21,729     INFO [                  work.py     create_startBox   118] 500
2019-09-18 15:32:21,729     INFO [                  work.py     create_startBox   118] 0
2019-09-18 15:32:21,730     INFO [                  work.py     create_startBox   118] 240
2019-09-18 15:32:21,730     INFO [                  work.py     create_startBox   118] 1000
2019-09-18 15:32:21,730     INFO [                  work.py     create_startBox   118] {'dbtype': 'mysql', 'port': 3307, 'ip': '192.168.3.79', 'password': '123456', 'dbname': 'mysql', 'username': 'root'}
2019-09-18 15:32:21,730     INFO [                  work.py     create_startBox   118] [{'port': 4290, 'startid': 1, 'ip': '192.168.3.79', 'instance': 1, 'endid': 1000, 'concurrency': 5, 'delay': 0}]
2019-09-18 15:32:43,608     INFO [                  work.py     create_startBox   118] 1000
2019-09-18 15:32:43,608     INFO [                  work.py     create_startBox   118] 500
2019-09-18 15:32:43,609     INFO [                  work.py     create_startBox   118] 240
2019-09-18 15:32:43,609     INFO [                  work.py     create_startBox   118] [{'port': 4290, 'concurrency': 5, 'delay': 0, 'instance': 1, 'startid': 1, 'ip': '192.168.3.79', 'endid': 1000}]
2019-09-18 15:32:43,609     INFO [                  work.py     create_startBox   118] 60
2019-09-18 15:32:43,609     INFO [                  work.py     create_startBox   118] {'port': 3307, 'dbname': 'mysql', 'dbtype': 'mysql', 'username': 'root', 'ip': '192.168.3.79', 'password': '123456'}
2019-09-18 15:32:43,609     INFO [                  work.py     create_startBox   118] 0
2019-09-18 15:32:48,046     INFO [                  work.py     create_startBox   118] 60
2019-09-18 15:32:48,047     INFO [                  work.py     create_startBox   118] [{'port': 4290, 'delay': 0, 'ip': '192.168.3.79', 'concurrency': 5, 'startid': 1, 'endid': 1000, 'instance': 1}]
2019-09-18 15:32:48,047     INFO [                  work.py     create_startBox   118] 240
2019-09-18 15:32:48,047     INFO [                  work.py     create_startBox   118] 1000
2019-09-18 15:32:48,047     INFO [                  work.py     create_startBox   118] {'username': 'root', 'port': 3307, 'dbname': 'mysql', 'ip': '192.168.3.79', 'password': '123456', 'dbtype': 'mysql'}
2019-09-18 15:32:48,048     INFO [                  work.py     create_startBox   118] 0
2019-09-18 15:32:48,048     INFO [                  work.py     create_startBox   118] 500
2019-09-18 15:33:35,956     INFO [                  work.py     create_startBox   118] 500
2019-09-18 15:33:35,957     INFO [                  work.py     create_startBox   118] 0
2019-09-18 15:33:35,958     INFO [                  work.py     create_startBox   118] 60
2019-09-18 15:33:35,958     INFO [                  work.py     create_startBox   118] 1000
2019-09-18 15:33:35,958     INFO [                  work.py     create_startBox   118] 240
2019-09-18 15:33:35,959     INFO [                  work.py     create_startBox   118] {'port': 3307, 'dbname': 'mysql', 'password': '123456', 'username': 'root', 'ip': '192.168.3.79', 'dbtype': 'mysql'}
2019-09-18 15:33:35,960     INFO [                  work.py     create_startBox   118] [{'instance': 1, 'port': 4290, 'delay': 0, 'endid': 1000, 'startid': 1, 'ip': '192.168.3.79', 'concurrency': 5}]
2019-09-18 15:33:51,043     INFO [                  work.py     create_startBox   118] 0
2019-09-18 15:33:51,044     INFO [                  work.py     create_startBox   118] 500
2019-09-18 15:33:51,044     INFO [                  work.py     create_startBox   118] 1000
2019-09-18 15:33:51,044     INFO [                  work.py     create_startBox   118] 60
2019-09-18 15:33:51,045     INFO [                  work.py     create_startBox   118] [{'startid': 1, 'concurrency': 5, 'instance': 1, 'ip': '192.168.3.79', 'port': 4290, 'delay': 0, 'endid': 1000}]
2019-09-18 15:33:51,045     INFO [                  work.py     create_startBox   118] {'dbname': 'mysql', 'username': 'root', 'dbtype': 'mysql', 'ip': '192.168.3.79', 'port': 3307, 'password': '123456'}
2019-09-18 15:33:51,045     INFO [                  work.py     create_startBox   118] 240
2019-09-18 15:34:08,803     INFO [                  work.py     create_startBox   118] testtime
2019-09-18 15:34:08,804     INFO [                  work.py     create_startBox   118] scalefactor
2019-09-18 15:34:08,804     INFO [                  work.py     create_startBox   118] uptime
2019-09-18 15:34:08,804     INFO [                  work.py     create_startBox   118] dbconfig
2019-09-18 15:34:08,805     INFO [                  work.py     create_startBox   118] customer
2019-09-18 15:34:08,805     INFO [                  work.py     create_startBox   118] initialdays
2019-09-18 15:34:08,805     INFO [                  work.py     create_startBox   118] agents
2019-09-18 15:35:25,419     INFO [                  work.py     create_startBox   118] dbconfig
2019-09-18 15:35:25,420     INFO [                  work.py     create_startBox   118] customer
2019-09-18 15:35:25,420     INFO [                  work.py     create_startBox   118] uptime
2019-09-18 15:35:25,420     INFO [                  work.py     create_startBox   118] scalefactor
2019-09-18 15:35:25,421     INFO [                  work.py     create_startBox   118] agents
2019-09-18 15:35:25,421     INFO [                  work.py     create_startBox   118] testtime
2019-09-18 15:35:25,421     INFO [                  work.py     create_startBox   118] initialdays
2019-09-24 13:18:39,094     INFO [                  work.py     create_startBox   118] testtime
2019-09-24 13:18:39,103     INFO [                  work.py     create_startBox   118] uptime
2019-09-24 13:18:39,103     INFO [                  work.py     create_startBox   118] dbconfig
2019-09-24 13:18:39,105     INFO [                  work.py     create_startBox   118] initialdays
2019-09-24 13:18:39,105     INFO [                  work.py     create_startBox   118] customer
2019-09-24 13:18:39,106     INFO [                  work.py     create_startBox   118] scalefactor
2019-09-24 13:18:39,106     INFO [                  work.py     create_startBox   118] agents
2019-09-25 08:34:07,562     INFO [                  work.py            on_click   165] 
2019-09-25 08:34:07,565     INFO [                  work.py            on_click   165] 
2019-09-25 08:34:07,566     INFO [                  work.py            on_click   165] 
2019-09-25 08:34:07,566     INFO [                  work.py            on_click   165] 
2019-09-25 08:34:07,566     INFO [                  work.py            on_click   165] 
2019-09-25 08:34:07,566     INFO [                  work.py            on_click   165] 
2019-09-25 08:34:07,566     INFO [                  work.py            on_click   165] 
2019-09-25 08:34:07,567     INFO [                  work.py            on_click   165] 
2019-09-25 08:34:07,567     INFO [                  work.py            on_click   165] 
2019-09-25 08:34:07,567     INFO [                  work.py            on_click   165] 
2019-09-25 08:34:07,567     INFO [                  work.py            on_click   165] 
2019-09-25 08:34:07,567     INFO [                  work.py            on_click   165] 
2019-09-25 08:34:07,567     INFO [                  work.py            on_click   165] 
2019-09-25 08:34:07,567     INFO [                  work.py            on_click   165] 
2019-09-25 08:34:07,568     INFO [                  work.py            on_click   165] 
2019-09-25 08:34:07,568     INFO [                  work.py            on_click   165] 
2019-09-25 08:34:07,568     INFO [                  work.py            on_click   165] 
2019-09-25 08:34:07,568     INFO [                  work.py            on_click   165] 
2019-09-25 08:34:07,569     INFO [                  work.py            on_click   167] 
2019-09-25 08:34:07,569     INFO [                  work.py            on_click   167] 
2019-09-25 08:34:07,569     INFO [                  work.py            on_click   167] 
2019-09-25 08:34:07,569     INFO [                  work.py            on_click   167] 
2019-09-25 08:34:07,569     INFO [                  work.py            on_click   167] 
2019-09-25 08:34:07,570     INFO [                  work.py            on_click   167] 
2019-09-25 08:34:07,570     INFO [                  work.py            on_click   167] 
2019-09-25 08:34:07,570     INFO [                  work.py            on_click   167] 
2019-09-25 14:48:19,713     INFO [                  work.py            on_click   143] 1
2019-09-25 14:48:19,715     INFO [                  work.py            on_click   143] 1
2019-09-25 14:48:19,715     INFO [                  work.py            on_click   143] 
2019-09-25 14:48:19,715     INFO [                  work.py            on_click   143] 
2019-09-25 14:48:19,715     INFO [                  work.py            on_click   143] 
2019-09-25 14:48:19,715     INFO [                  work.py            on_click   143] 
2019-09-25 14:48:19,715     INFO [                  work.py            on_click   143] 
2019-09-25 14:48:19,716     INFO [                  work.py            on_click   143] 
2019-09-25 14:48:19,716     INFO [                  work.py            on_click   143] 
2019-09-25 14:48:19,716     INFO [                  work.py            on_click   143] 
2019-09-25 14:48:19,716     INFO [                  work.py            on_click   143] 
2019-09-25 14:48:19,716     INFO [                  work.py            on_click   143] 
2019-09-25 14:48:19,716     INFO [                  work.py            on_click   143] 
2019-09-25 14:48:19,716     INFO [                  work.py            on_click   143] 
2019-09-25 14:48:19,716     INFO [                  work.py            on_click   143] 
2019-09-25 14:48:19,716     INFO [                  work.py            on_click   143] 
2019-09-25 14:48:19,716     INFO [                  work.py            on_click   143] 
2019-09-25 14:48:19,716     INFO [                  work.py            on_click   143] 
2019-09-25 14:48:19,716     INFO [                  work.py            on_click   145] 
2019-09-25 14:48:19,717     INFO [                  work.py            on_click   145] 
2019-09-25 14:48:19,717     INFO [                  work.py            on_click   145] 
2019-09-25 14:48:19,717     INFO [                  work.py            on_click   145] 
2019-09-25 14:48:19,717     INFO [                  work.py            on_click   145] 
2019-09-25 14:48:19,717     INFO [                  work.py            on_click   145] 
2019-09-25 14:48:19,717     INFO [                  work.py            on_click   145] 
2019-09-25 14:48:19,717     INFO [                  work.py            on_click   145] 
2019-09-25 14:48:19,717     INFO [                  work.py            on_click   145] 
2019-09-25 14:48:56,977     INFO [                  work.py            on_click   143] 1
2019-09-25 14:48:56,977     INFO [                  work.py            on_click   143] 2
2019-09-25 14:48:56,977     INFO [                  work.py            on_click   143] 3
2019-09-25 14:48:56,977     INFO [                  work.py            on_click   143] 4
2019-09-25 14:48:56,978     INFO [                  work.py            on_click   143] 5
2019-09-25 14:48:56,978     INFO [                  work.py            on_click   143] 6
2019-09-25 14:48:56,978     INFO [                  work.py            on_click   143] 7
2019-09-25 14:48:56,978     INFO [                  work.py            on_click   143] 8
2019-09-25 14:48:56,978     INFO [                  work.py            on_click   143] 9
2019-09-25 14:48:56,978     INFO [                  work.py            on_click   143] 10
2019-09-25 14:48:56,978     INFO [                  work.py            on_click   143] 11
2019-09-25 14:48:56,979     INFO [                  work.py            on_click   143] 12
2019-09-25 14:48:56,979     INFO [                  work.py            on_click   143] 13
2019-09-25 14:48:56,979     INFO [                  work.py            on_click   143] 14
2019-09-25 14:48:56,979     INFO [                  work.py            on_click   143] 15
2019-09-25 14:48:56,979     INFO [                  work.py            on_click   143] 16
2019-09-25 14:48:56,979     INFO [                  work.py            on_click   143] 17
2019-09-25 14:48:56,981     INFO [                  work.py            on_click   143] 18
2019-09-25 14:48:56,982     INFO [                  work.py            on_click   145] 
2019-09-25 14:48:56,982     INFO [                  work.py            on_click   145] 
2019-09-25 14:48:56,982     INFO [                  work.py            on_click   145] 
2019-09-25 14:48:56,982     INFO [                  work.py            on_click   145] 
2019-09-25 14:48:56,982     INFO [                  work.py            on_click   145] 
2019-09-25 14:48:56,982     INFO [                  work.py            on_click   145] 
2019-09-25 14:48:56,983     INFO [                  work.py            on_click   145] 
2019-09-25 14:48:56,983     INFO [                  work.py            on_click   145] 
2019-09-25 14:48:56,983     INFO [                  work.py            on_click   145] 
2019-09-25 15:03:25,856     INFO [                  work.py            on_click   143] 123
2019-09-25 15:03:25,856     INFO [                  work.py            on_click   143] 123123
2019-09-25 15:03:25,856     INFO [                  work.py            on_click   143] 123
2019-09-25 15:03:25,856     INFO [                  work.py            on_click   143] 123
2019-09-25 15:03:25,856     INFO [                  work.py            on_click   143] 123
2019-09-25 15:03:25,857     INFO [                  work.py            on_click   143] 123
2019-09-25 15:03:25,857     INFO [                  work.py            on_click   143] 123
2019-09-25 15:03:25,857     INFO [                  work.py            on_click   143] 123
2019-09-25 15:03:25,857     INFO [                  work.py            on_click   143] 123
2019-09-25 15:03:25,857     INFO [                  work.py            on_click   143] 123
2019-09-25 15:03:25,857     INFO [                  work.py            on_click   143] 123
2019-09-25 15:03:25,857     INFO [                  work.py            on_click   143] 123
2019-09-25 15:03:25,857     INFO [                  work.py            on_click   143] 123
2019-09-25 15:03:25,857     INFO [                  work.py            on_click   143] 123
2019-09-25 15:03:25,857     INFO [                  work.py            on_click   143] 123
2019-09-25 15:03:25,857     INFO [                  work.py            on_click   143] 123
2019-09-25 15:03:25,858     INFO [                  work.py            on_click   143] 123
2019-09-25 15:03:25,858     INFO [                  work.py            on_click   143] 123
2019-09-25 15:03:25,858     INFO [                  work.py            on_click   145] 
2019-09-25 15:03:25,858     INFO [                  work.py            on_click   145] 
2019-09-25 15:03:25,858     INFO [                  work.py            on_click   145] 
2019-09-25 15:03:25,858     INFO [                  work.py            on_click   145] 
2019-09-25 15:03:25,858     INFO [                  work.py            on_click   145] 
2019-09-25 15:03:25,858     INFO [                  work.py            on_click   145] 
2019-09-25 15:03:25,858     INFO [                  work.py            on_click   145] 
2019-09-25 15:03:25,858     INFO [                  work.py            on_click   145] 
2019-09-25 15:03:25,858     INFO [                  work.py            on_click   145] 
2019-09-25 15:04:06,302     INFO [                  work.py            on_click   143] 123
2019-09-25 15:04:06,303     INFO [                  work.py            on_click   143] 123
2019-09-25 15:04:06,303     INFO [                  work.py            on_click   143] 
2019-09-25 15:04:06,303     INFO [                  work.py            on_click   143] 
2019-09-25 15:04:06,303     INFO [                  work.py            on_click   143] 
2019-09-25 15:04:06,304     INFO [                  work.py            on_click   143] 
2019-09-25 15:04:06,304     INFO [                  work.py            on_click   143] 
2019-09-25 15:04:06,304     INFO [                  work.py            on_click   143] 
2019-09-25 15:04:06,304     INFO [                  work.py            on_click   143] 
2019-09-25 15:04:06,304     INFO [                  work.py            on_click   143] 
2019-09-25 15:04:06,304     INFO [                  work.py            on_click   143] 
2019-09-25 15:04:06,304     INFO [                  work.py            on_click   143] 
2019-09-25 15:04:06,305     INFO [                  work.py            on_click   143] 
2019-09-25 15:04:06,305     INFO [                  work.py            on_click   143] 
2019-09-25 15:04:06,305     INFO [                  work.py            on_click   143] 
2019-09-25 15:04:06,305     INFO [                  work.py            on_click   143] 
2019-09-25 15:04:06,305     INFO [                  work.py            on_click   143] 
2019-09-25 15:04:06,306     INFO [                  work.py            on_click   143] 
2019-09-25 15:04:06,306     INFO [                  work.py            on_click   145] 
2019-09-25 15:04:06,306     INFO [                  work.py            on_click   145] 
2019-09-25 15:04:06,307     INFO [                  work.py            on_click   145] 
2019-09-25 15:04:06,307     INFO [                  work.py            on_click   145] 
2019-09-25 15:04:06,307     INFO [                  work.py            on_click   145] 
2019-09-25 15:04:06,308     INFO [                  work.py            on_click   145] 
2019-09-25 15:04:06,308     INFO [                  work.py            on_click   145] 
2019-09-25 15:04:06,308     INFO [                  work.py            on_click   145] 
2019-09-25 15:04:06,308     INFO [                  work.py            on_click   145] 
2019-09-25 15:04:49,897     INFO [                  work.py            on_click   143] 
2019-09-25 15:04:49,898     INFO [                  work.py            on_click   143] 123
2019-09-25 15:04:49,898     INFO [                  work.py            on_click   143] 
2019-09-25 15:04:49,898     INFO [                  work.py            on_click   143] 
2019-09-25 15:04:49,898     INFO [                  work.py            on_click   143] 
2019-09-25 15:04:49,898     INFO [                  work.py            on_click   143] 
2019-09-25 15:04:49,898     INFO [                  work.py            on_click   143] 
2019-09-25 15:04:49,898     INFO [                  work.py            on_click   143] 
2019-09-25 15:04:49,899     INFO [                  work.py            on_click   143] 
2019-09-25 15:04:49,899     INFO [                  work.py            on_click   143] 
2019-09-25 15:04:49,899     INFO [                  work.py            on_click   143] 
2019-09-25 15:04:49,899     INFO [                  work.py            on_click   143] 
2019-09-25 15:04:49,899     INFO [                  work.py            on_click   143] 
2019-09-25 15:04:49,899     INFO [                  work.py            on_click   143] 
2019-09-25 15:04:49,899     INFO [                  work.py            on_click   143] 
2019-09-25 15:04:49,900     INFO [                  work.py            on_click   143] 
2019-09-25 15:04:49,900     INFO [                  work.py            on_click   143] 
2019-09-25 15:04:49,900     INFO [                  work.py            on_click   143] 
2019-09-25 15:04:49,900     INFO [                  work.py            on_click   145] 
2019-09-25 15:04:49,900     INFO [                  work.py            on_click   145] 
2019-09-25 15:04:49,900     INFO [                  work.py            on_click   145] 
2019-09-25 15:04:49,900     INFO [                  work.py            on_click   145] 
2019-09-25 15:04:49,900     INFO [                  work.py            on_click   145] 
2019-09-25 15:04:49,900     INFO [                  work.py            on_click   145] 
2019-09-25 15:04:49,901     INFO [                  work.py            on_click   145] 
2019-09-25 15:04:49,901     INFO [                  work.py            on_click   145] 
2019-09-25 15:04:49,901     INFO [                  work.py            on_click   145] 
2019-09-25 15:39:27,386     INFO [                  work.py            on_click   188] 
2019-09-25 15:39:27,389     INFO [                  work.py            on_click   188] 
2019-09-25 15:39:27,389     INFO [                  work.py            on_click   188] 
2019-09-25 15:39:27,389     INFO [                  work.py            on_click   188] 
2019-09-25 15:39:27,389     INFO [                  work.py            on_click   188] 
2019-09-25 15:39:27,390     INFO [                  work.py            on_click   188] 
2019-09-25 15:39:27,390     INFO [                  work.py            on_click   188] 
2019-09-25 15:39:27,390     INFO [                  work.py            on_click   188] 
2019-09-25 15:39:27,390     INFO [                  work.py            on_click   188] 
2019-09-25 15:39:27,390     INFO [                  work.py            on_click   188] 
2019-09-25 15:39:27,390     INFO [                  work.py            on_click   188] 
2019-09-25 15:39:27,390     INFO [                  work.py            on_click   188] 
2019-09-25 15:39:27,390     INFO [                  work.py            on_click   188] 
2019-09-25 15:39:27,391     INFO [                  work.py            on_click   188] 
2019-09-25 15:39:27,391     INFO [                  work.py            on_click   188] 
2019-09-25 15:39:27,391     INFO [                  work.py            on_click   188] 
2019-09-25 15:39:27,391     INFO [                  work.py            on_click   188] 
2019-09-25 15:39:27,391     INFO [                  work.py            on_click   188] 
2019-09-25 15:39:27,393     INFO [                  work.py            on_click   190] 192.168.3.79
2019-09-25 15:39:27,393     INFO [                  work.py            on_click   190] 8642
2019-09-25 15:39:27,393     INFO [                  work.py            on_click   190] http://39.97.226.213:18800/upload
2019-09-25 15:39:27,393     INFO [                  work.py            on_click   190] https://oapi.dingtalk.com/robot/send?access_token=99c37364ccd38d5bbec915e20d335bc5aa6b8ef0acb753cf246dd629f75892e1
2019-09-25 15:39:27,393     INFO [                  work.py            on_click   190] 
2019-09-25 15:39:27,394     INFO [                  work.py            on_click   190] 60
2019-09-25 15:39:27,394     INFO [                  work.py            on_click   190] 10
2019-09-25 15:39:27,394     INFO [                  work.py            on_click   190] 600
2019-09-25 15:39:27,394     INFO [                  work.py            on_click   190] EN
2019-09-25 17:36:35,584     INFO [                   001.py            on_click   179] 
2019-09-25 17:36:35,587     INFO [                   001.py            on_click   179] 
2019-09-25 17:36:35,587     INFO [                   001.py            on_click   179] 
2019-09-25 17:36:35,587     INFO [                   001.py            on_click   179] 
2019-09-25 17:36:35,587     INFO [                   001.py            on_click   179] 
2019-09-25 17:36:35,588     INFO [                   001.py            on_click   179] 
2019-09-25 17:36:35,588     INFO [                   001.py            on_click   179] 
2019-09-25 17:36:35,588     INFO [                   001.py            on_click   179] 
2019-09-25 17:36:35,588     INFO [                   001.py            on_click   179] 
2019-09-25 17:36:35,588     INFO [                   001.py            on_click   179] 
2019-09-25 17:36:35,588     INFO [                   001.py            on_click   179] 
2019-09-25 17:36:35,588     INFO [                   001.py            on_click   179] 
2019-09-25 17:36:35,589     INFO [                   001.py            on_click   179] 
2019-09-25 17:36:35,589     INFO [                   001.py            on_click   179] 
2019-09-25 17:36:35,589     INFO [                   001.py            on_click   179] 
2019-09-25 17:36:35,589     INFO [                   001.py            on_click   179] 
2019-09-25 17:36:35,589     INFO [                   001.py            on_click   179] 
2019-09-25 17:36:35,589     INFO [                   001.py            on_click   179] 
2019-09-25 17:36:35,589     INFO [                   001.py            on_click   181] 192.168.3.79
2019-09-25 17:36:35,589     INFO [                   001.py            on_click   181] 8642
2019-09-25 17:36:35,590     INFO [                   001.py            on_click   181] http://39.97.226.213:18800/upload
2019-09-25 17:36:35,590     INFO [                   001.py            on_click   181] https://oapi.dingtalk.com/robot/send?access_token=99c37364ccd38d5bbec915e20d335bc5aa6b8ef0acb753cf246dd629f75892e1
2019-09-25 17:36:35,590     INFO [                   001.py            on_click   181] 
2019-09-25 17:36:35,590     INFO [                   001.py            on_click   181] 60
2019-09-25 17:36:35,590     INFO [                   001.py            on_click   181] 10
2019-09-25 17:36:35,590     INFO [                   001.py            on_click   181] 600
2019-09-25 17:36:35,590     INFO [                   001.py            on_click   181] EN
2019-09-25 17:36:37,767     INFO [                   001.py            on_click   179] 
2019-09-25 17:36:37,767     INFO [                   001.py            on_click   179] 
2019-09-25 17:36:37,768     INFO [                   001.py            on_click   179] 
2019-09-25 17:36:37,768     INFO [                   001.py            on_click   179] 
2019-09-25 17:36:37,768     INFO [                   001.py            on_click   179] 
2019-09-25 17:36:37,768     INFO [                   001.py            on_click   179] 
2019-09-25 17:36:37,768     INFO [                   001.py            on_click   179] 
2019-09-25 17:36:37,768     INFO [                   001.py            on_click   179] 
2019-09-25 17:36:37,768     INFO [                   001.py            on_click   179] 
2019-09-25 17:36:37,768     INFO [                   001.py            on_click   179] 
2019-09-25 17:36:37,768     INFO [                   001.py            on_click   179] 
2019-09-25 17:36:37,768     INFO [                   001.py            on_click   179] 
2019-09-25 17:36:37,768     INFO [                   001.py            on_click   179] 
2019-09-25 17:36:37,769     INFO [                   001.py            on_click   179] 
2019-09-25 17:36:37,769     INFO [                   001.py            on_click   179] 
2019-09-25 17:36:37,769     INFO [                   001.py            on_click   179] 
2019-09-25 17:36:37,769     INFO [                   001.py            on_click   179] 
2019-09-25 17:36:37,769     INFO [                   001.py            on_click   179] 
2019-09-25 17:36:37,769     INFO [                   001.py            on_click   181] 192.168.3.79
2019-09-25 17:36:37,769     INFO [                   001.py            on_click   181] 8642
2019-09-25 17:36:37,769     INFO [                   001.py            on_click   181] http://39.97.226.213:18800/upload
2019-09-25 17:36:37,769     INFO [                   001.py            on_click   181] https://oapi.dingtalk.com/robot/send?access_token=99c37364ccd38d5bbec915e20d335bc5aa6b8ef0acb753cf246dd629f75892e1
2019-09-25 17:36:37,769     INFO [                   001.py            on_click   181] 
2019-09-25 17:36:37,769     INFO [                   001.py            on_click   181] 60
2019-09-25 17:36:37,770     INFO [                   001.py            on_click   181] 10
2019-09-25 17:36:37,770     INFO [                   001.py            on_click   181] 600
2019-09-25 17:36:37,770     INFO [                   001.py            on_click   181] EN
2019-09-25 20:15:26,776     INFO [                  work.py            on_click   187] 
2019-09-25 20:15:26,781     INFO [                  work.py            on_click   187] 
2019-09-25 20:15:26,781     INFO [                  work.py            on_click   187] 
2019-09-25 20:15:26,781     INFO [                  work.py            on_click   187] 
2019-09-25 20:15:26,782     INFO [                  work.py            on_click   187] 
2019-09-25 20:15:26,782     INFO [                  work.py            on_click   187] 
2019-09-25 20:15:26,782     INFO [                  work.py            on_click   187] 
2019-09-25 20:15:26,782     INFO [                  work.py            on_click   187] 
2019-09-25 20:15:26,782     INFO [                  work.py            on_click   187] 
2019-09-25 20:15:26,782     INFO [                  work.py            on_click   187] 
2019-09-25 20:15:26,783     INFO [                  work.py            on_click   187] 
2019-09-25 20:15:26,783     INFO [                  work.py            on_click   187] 
2019-09-25 20:15:26,783     INFO [                  work.py            on_click   187] 
2019-09-25 20:15:26,783     INFO [                  work.py            on_click   187] 
2019-09-25 20:15:26,783     INFO [                  work.py            on_click   187] 
2019-09-25 20:15:26,783     INFO [                  work.py            on_click   187] 
2019-09-25 20:15:26,783     INFO [                  work.py            on_click   187] 
2019-09-25 20:15:26,783     INFO [                  work.py            on_click   187] 
2019-09-25 20:15:26,783     INFO [                  work.py            on_click   189] 192.168.3.79
2019-09-25 20:15:26,784     INFO [                  work.py            on_click   189] 8642
2019-09-25 20:15:26,784     INFO [                  work.py            on_click   189] http://39.97.226.213:18800/upload
2019-09-25 20:15:26,784     INFO [                  work.py            on_click   189] https://oapi.dingtalk.com/robot/send?access_token=99c37364ccd38d5bbec915e20d335bc5aa6b8ef0acb753cf246dd629f75892e1
2019-09-25 20:15:26,784     INFO [                  work.py            on_click   189] 
2019-09-25 20:15:26,784     INFO [                  work.py            on_click   189] 60
2019-09-25 20:15:26,784     INFO [                  work.py            on_click   189] 10
2019-09-25 20:15:26,784     INFO [                  work.py            on_click   189] 600
2019-09-25 20:15:26,784     INFO [                  work.py            on_click   189] EN
2019-09-25 20:15:26,927     INFO [                  work.py            on_click   187] 
2019-09-25 20:15:26,928     INFO [                  work.py            on_click   187] 
2019-09-25 20:15:26,928     INFO [                  work.py            on_click   187] 
2019-09-25 20:15:26,928     INFO [                  work.py            on_click   187] 
2019-09-25 20:15:26,928     INFO [                  work.py            on_click   187] 
2019-09-25 20:15:26,928     INFO [                  work.py            on_click   187] 
2019-09-25 20:15:26,928     INFO [                  work.py            on_click   187] 
2019-09-25 20:15:26,928     INFO [                  work.py            on_click   187] 
2019-09-25 20:15:26,928     INFO [                  work.py            on_click   187] 
2019-09-25 20:15:26,929     INFO [                  work.py            on_click   187] 
2019-09-25 20:15:26,929     INFO [                  work.py            on_click   187] 
2019-09-25 20:15:26,929     INFO [                  work.py            on_click   187] 
2019-09-25 20:15:26,929     INFO [                  work.py            on_click   187] 
2019-09-25 20:15:26,929     INFO [                  work.py            on_click   187] 
2019-09-25 20:15:26,929     INFO [                  work.py            on_click   187] 
2019-09-25 20:15:26,929     INFO [                  work.py            on_click   187] 
2019-09-25 20:15:26,929     INFO [                  work.py            on_click   187] 
2019-09-25 20:15:26,930     INFO [                  work.py            on_click   187] 
2019-09-25 20:15:26,930     INFO [                  work.py            on_click   189] 192.168.3.79
2019-09-25 20:15:26,930     INFO [                  work.py            on_click   189] 8642
2019-09-25 20:15:26,930     INFO [                  work.py            on_click   189] http://39.97.226.213:18800/upload
2019-09-25 20:15:26,930     INFO [                  work.py            on_click   189] https://oapi.dingtalk.com/robot/send?access_token=99c37364ccd38d5bbec915e20d335bc5aa6b8ef0acb753cf246dd629f75892e1
2019-09-25 20:15:26,930     INFO [                  work.py            on_click   189] 
2019-09-25 20:15:26,930     INFO [                  work.py            on_click   189] 60
2019-09-25 20:15:26,930     INFO [                  work.py            on_click   189] 10
2019-09-25 20:15:26,931     INFO [                  work.py            on_click   189] 600
2019-09-25 20:15:26,931     INFO [                  work.py            on_click   189] EN
2019-09-26 09:51:12,954     INFO [                  work.py           load_json    25] <class 'str'>
2019-09-26 09:51:24,494     INFO [                  work.py           load_json    25] <class 'str'>
2019-09-26 09:51:43,235     INFO [                  work.py           load_json    25] <class 'dict'>
2019-09-26 16:23:06,432     INFO [                  work.py       start_clicked    95] 点击了启动按钮，开始启动 ～～
2019-09-26 16:23:13,731     INFO [                  work.py       start_clicked    95] 点击了启动按钮，开始启动 ～～
2019-09-26 16:23:14,306     INFO [                  work.py       start_clicked    95] 点击了启动按钮，开始启动 ～～
2019-09-26 16:23:14,857     INFO [                  work.py       start_clicked    95] 点击了启动按钮，开始启动 ～～
2019-09-26 16:23:15,304     INFO [                  work.py       start_clicked    95] 点击了启动按钮，开始启动 ～～
2019-09-26 16:23:15,727     INFO [                  work.py       start_clicked    95] 点击了启动按钮，开始启动 ～～
2019-09-26 16:23:16,206     INFO [                  work.py       start_clicked    95] 点击了启动按钮，开始启动 ～～
2019-09-26 16:23:16,750     INFO [                  work.py       start_clicked    95] 点击了启动按钮，开始启动 ～～
2019-09-26 16:23:17,045     INFO [                  work.py       start_clicked    95] 点击了启动按钮，开始启动 ～～
2019-09-26 16:23:17,228     INFO [                  work.py       start_clicked    95] 点击了启动按钮，开始启动 ～～
2019-09-26 16:23:17,412     INFO [                  work.py       start_clicked    95] 点击了启动按钮，开始启动 ～～
2019-09-26 16:23:17,587     INFO [                  work.py       start_clicked    95] 点击了启动按钮，开始启动 ～～
2019-09-26 16:23:17,739     INFO [                  work.py       start_clicked    95] 点击了启动按钮，开始启动 ～～
2019-09-26 16:28:34,750     INFO [                  work.py       start_clicked    97] 点击了启动item，开始启动 ～～
2019-09-26 16:28:37,376     INFO [                  work.py       start_clicked    97] 点击了启动item，开始启动 ～～
2019-09-26 16:28:40,194     INFO [                  work.py       start_clicked    97] 点击了启动item，开始启动 ～～
2019-09-26 16:30:26,936     INFO [                  work.py       start_clicked    97] 点击了启动item，开始启动 ～～
2019-09-26 16:30:29,682     INFO [                  work.py       start_clicked    97] 点击了启动item，开始启动 ～～
2019-09-26 16:30:31,610     INFO [                  work.py       start_clicked    97] 点击了启动item，开始启动 ～～
2019-09-26 16:30:33,430     INFO [                  work.py       start_clicked    97] 点击了启动item，开始启动 ～～
2019-09-26 16:30:47,515     INFO [                  work.py       start_clicked    97] 点击了启动item，开始启动 ～～
2019-09-26 16:30:51,467     INFO [                  work.py       start_clicked    97] 点击了启动item，开始启动 ～～
2019-09-26 16:31:50,630     INFO [                  work.py       start_clicked    97] 点击了启动item，开始启动 ～～
2019-09-26 16:32:52,459     INFO [                  work.py       start_clicked    97] 点击了启动item，开始启动 ～～
2019-09-26 16:33:13,687     INFO [                  work.py       start_clicked    97] 点击了启动item，开始启动 ～～
2019-09-26 16:33:30,886     INFO [                  work.py       start_clicked    97] 点击了启动item，开始启动 ～～
2019-09-26 16:33:33,315     INFO [                  work.py       start_clicked    97] 点击了启动item，开始启动 ～～
2019-09-26 16:33:51,541     INFO [                  work.py       start_clicked    97] 点击了启动item，开始启动 ～～
2019-09-26 16:34:30,408     INFO [                  work.py       start_clicked    97] 点击了启动item，开始启动 ～～
2019-09-26 16:34:54,918     INFO [                  work.py       start_clicked    97] 点击了启动item，开始启动 ～～
2019-09-26 16:34:57,386     INFO [                  work.py       start_clicked    97] 点击了启动item，开始启动 ～～
2019-09-26 16:35:01,571     INFO [                  work.py       start_clicked    97] 点击了启动item，开始启动 ～～
2019-09-26 16:35:29,323     INFO [                  work.py       start_clicked    97] 点击了启动item，开始启动 ～～
2019-09-26 16:35:33,373     INFO [                  work.py       start_clicked    97] 点击了启动item，开始启动 ～～
2019-09-26 16:35:35,329     INFO [                  work.py       start_clicked    97] 点击了启动item，开始启动 ～～
2019-09-26 16:35:50,403     INFO [                  work.py       start_clicked    97] 点击了启动item，开始启动 ～～
2019-09-26 16:35:54,051     INFO [                  work.py       start_clicked    97] 点击了启动item，开始启动 ～～
2019-09-26 16:37:14,673     INFO [                  work.py       start_clicked    97] 点击了启动item，开始启动 ～～
2019-09-26 16:37:19,324     INFO [                  work.py       start_clicked    97] 点击了启动item，开始启动 ～～
2019-09-26 16:37:21,101     INFO [                  work.py       start_clicked    97] 点击了启动item，开始启动 ～～
2019-09-26 16:37:25,808     INFO [                  work.py       start_clicked    97] 点击了启动item，开始启动 ～～
2019-09-26 16:37:32,767     INFO [                  work.py       start_clicked    97] 点击了启动item，开始启动 ～～
2019-09-26 16:37:35,669     INFO [                  work.py       start_clicked    97] 点击了启动item，开始启动 ～～
2019-09-26 16:37:38,622     INFO [                  work.py       start_clicked    97] 点击了启动item，开始启动 ～～
2019-09-26 16:38:23,603     INFO [                  work.py       start_clicked    97] 点击了启动item，开始启动 ～～
2019-09-26 16:38:37,022     INFO [                  work.py       start_clicked    97] 点击了启动item，开始启动 ～～
2019-09-26 16:38:56,854     INFO [                  work.py       start_clicked    97] 点击了启动item，开始启动 ～～
2019-09-26 16:39:01,632     INFO [                  work.py       start_clicked    97] 点击了启动item，开始启动 ～～
2019-09-26 16:39:08,068     INFO [                  work.py       start_clicked    97] 点击了启动item，开始启动 ～～
2019-09-26 16:39:44,216     INFO [                  work.py       start_clicked    97] 点击了启动item，开始启动 ～～
2019-09-26 16:39:49,066     INFO [                  work.py       start_clicked    97] 点击了启动item，开始启动 ～～
2019-09-26 16:40:01,367     INFO [                  work.py       start_clicked    97] 点击了启动item，开始启动 ～～
2019-09-26 16:40:05,865     INFO [                  work.py       start_clicked    97] 点击了启动item，开始启动 ～～
2019-09-26 16:40:26,732     INFO [                  work.py       start_clicked    97] 点击了启动item，开始启动 ～～
2019-09-26 16:40:29,965     INFO [                  work.py       start_clicked    97] 点击了启动item，开始启动 ～～
2019-09-26 16:40:32,028     INFO [                  work.py       start_clicked    97] 点击了启动item，开始启动 ～～
2019-09-26 16:40:50,054     INFO [                  work.py       start_clicked    97] 点击了启动item，开始启动 ～～
2019-09-26 16:41:10,791     INFO [                  work.py       start_clicked    97] 点击了启动item，开始启动 ～～
2019-09-26 16:41:57,342     INFO [                  work.py       start_clicked    97] 点击了启动item，开始启动 ～～
2019-09-26 16:42:09,209     INFO [                  work.py       start_clicked    97] 点击了启动item，开始启动 ～～
2019-09-26 16:42:11,979     INFO [                  work.py       start_clicked    97] 点击了启动item，开始启动 ～～
2019-09-26 16:42:12,653     INFO [                  work.py       start_clicked    97] 点击了启动item，开始启动 ～～
2019-09-26 16:42:13,063     INFO [                  work.py       start_clicked    97] 点击了启动item，开始启动 ～～
2019-09-26 16:42:32,455     INFO [                  work.py       start_clicked    97] 点击了启动item，开始启动 ～～
2019-09-26 16:43:04,516     INFO [                  work.py       start_clicked    97] 点击了启动item，开始启动 ～～
2019-09-26 16:43:37,095     INFO [                  work.py       start_clicked    97] 点击了启动item，开始启动 ～～
2019-09-26 16:43:40,074     INFO [                  work.py       start_clicked    97] 点击了启动item，开始启动 ～～
2019-09-26 16:43:49,971     INFO [                  work.py       start_clicked    97] 点击了启动item，开始启动 ～～
2019-09-26 16:43:52,594     INFO [                  work.py       start_clicked    97] 点击了启动item，开始启动 ～～
2019-09-26 16:44:20,526     INFO [                  work.py       start_clicked    97] 点击了启动item，开始启动 ～～
2019-09-26 16:44:32,365     INFO [                  work.py       start_clicked    97] 点击了启动item，开始启动 ～～
2019-09-26 16:50:16,554     INFO [                  work.py       start_clicked    99] 点击了启动item，开始启动 ～～
2019-09-26 16:50:21,272     INFO [                  work.py       start_clicked    99] 点击了启动item，开始启动 ～～
2019-09-26 16:50:24,818     INFO [                  work.py       start_clicked    99] 点击了启动item，开始启动 ～～
2019-09-26 16:50:31,917     INFO [                  work.py       start_clicked    99] 点击了启动item，开始启动 ～～
2019-09-26 16:51:07,614     INFO [                  work.py       start_clicked    99] 点击了启动item，开始启动 ～～
2019-09-26 16:54:24,841     INFO [                  work.py       start_clicked    99] 点击了启动item，开始启动 ～～
2019-09-26 16:54:54,371     INFO [                  work.py       start_clicked    99] 点击了启动item，开始启动 ～～
2019-09-26 16:54:58,284     INFO [                  work.py       start_clicked    99] 点击了启动item，开始启动 ～～
2019-09-26 16:55:44,285     INFO [                  work.py       start_clicked    98] 点击了启动item，开始启动 ～～
2019-09-26 16:55:46,310     INFO [                  work.py       start_clicked    98] 点击了启动item，开始启动 ～～
2019-09-26 16:56:19,144     INFO [                  work.py       start_clicked    98] 点击了启动item，开始启动 ～～
2019-09-26 16:56:34,668     INFO [                  work.py       start_clicked    99] 点击了启动item，开始启动 ～～
2019-09-26 16:56:36,667     INFO [                  work.py       start_clicked    99] 点击了启动item，开始启动 ～～
2019-09-26 16:56:47,181     INFO [                  work.py       start_clicked    99] 点击了启动item，开始启动 ～～
2019-09-26 16:56:52,776     INFO [                  work.py       start_clicked    99] 点击了启动item，开始启动 ～～
2019-09-26 16:57:41,675     INFO [                  work.py       start_clicked    99] 点击了启动item，开始启动 ～～
2019-09-26 16:57:45,665     INFO [                  work.py       start_clicked    99] 点击了启动item，开始启动 ～～
2019-09-26 16:57:48,856     INFO [                  work.py       start_clicked    99] 点击了启动item，开始启动 ～～
2019-09-26 16:58:28,336     INFO [                  work.py       start_clicked    99] 点击了启动item，开始启动 ～～
2019-09-26 16:58:35,347     INFO [                  work.py       start_clicked    99] 点击了启动item，开始启动 ～～
2019-09-26 16:59:35,007     INFO [                  work.py       start_clicked    99] 点击了启动item，开始启动 ～～
2019-09-26 17:01:37,074     INFO [                  work.py       start_clicked    99] 点击了启动item，开始启动 ～～
2019-09-26 17:02:03,157     INFO [                  work.py       start_clicked    99] 点击了启动item，开始启动 ～～
2019-09-26 17:02:06,059     INFO [                  work.py       start_clicked    99] 点击了启动item，开始启动 ～～
2019-09-26 17:47:05,045     INFO [                  work.py       start_clicked    93] 点击了启动item，开始启动 ～～
2019-09-26 17:48:43,452     INFO [                  work.py       start_clicked    93] 点击了启动item，开始启动 ～～
2019-09-26 20:32:48,439     INFO [                  work.py       start_clicked    96] 点击了启动item，开始启动 ～～
2019-09-26 20:32:50,291     INFO [                  work.py       start_clicked    96] 点击了启动item，开始启动 ～～
2019-09-26 20:32:52,815     INFO [                  work.py       start_clicked    96] 点击了启动item，开始启动 ～～
2019-09-26 20:39:39,993     INFO [                  work.py       start_clicked    96] 点击了启动item，开始启动 ～～
2019-09-26 20:42:20,384     INFO [                  work.py       start_clicked    96] 点击了启动item，开始启动 ～～
2019-09-26 20:42:23,971     INFO [                  work.py       start_clicked    96] 点击了启动item，开始启动 ～～
2019-09-26 20:42:27,038     INFO [                  work.py       start_clicked    96] 点击了启动item，开始启动 ～～
2019-09-27 10:17:38,141     INFO [                  work.py       start_clicked    96] 点击了启动item，开始启动 ～～
2019-09-27 10:17:41,531     INFO [                  work.py       start_clicked    96] 点击了启动item，开始启动 ～～
2019-09-27 10:17:46,441     INFO [                  work.py       start_clicked    96] 点击了启动item，开始启动 ～～
2019-09-27 10:28:56,636     INFO [                  work.py       start_clicked    96] 点击了启动item，开始启动 ～～
2019-09-27 10:28:57,210     INFO [                  work.py       start_clicked    96] 点击了启动item，开始启动 ～～
2019-09-27 10:28:57,721     INFO [                  work.py       start_clicked    96] 点击了启动item，开始启动 ～～
2019-09-27 10:33:43,973     INFO [                  work.py       start_clicked    96] 点击了启动item，开始启动 ～～
2019-09-27 11:52:20,302     INFO [                  work.py        create_agent   285] create_agent
2019-09-27 11:52:20,878     INFO [                  work.py        create_agent   285] create_agent
2019-09-27 11:52:22,714     INFO [                  work.py        create_agent   285] create_agent
2019-09-27 11:52:22,888     INFO [                  work.py        create_agent   285] create_agent
2019-09-27 11:52:23,064     INFO [                  work.py        create_agent   285] create_agent
2019-09-27 11:52:23,223     INFO [                  work.py        create_agent   285] create_agent
2019-09-27 11:52:23,383     INFO [                  work.py        create_agent   285] create_agent
2019-09-27 11:52:23,710     INFO [                  work.py        create_agent   285] create_agent
2019-09-27 11:52:23,894     INFO [                  work.py        create_agent   285] create_agent
2019-09-27 11:52:24,054     INFO [                  work.py        create_agent   285] create_agent
2019-09-27 11:52:24,229     INFO [                  work.py        create_agent   285] create_agent
2019-09-27 11:52:24,397     INFO [                  work.py        create_agent   285] create_agent
2019-09-27 11:52:25,954     INFO [                  work.py        create_agent   285] create_agent
2019-09-27 11:52:26,121     INFO [                  work.py        create_agent   285] create_agent
2019-09-27 14:22:41,022     INFO [                  work.py       start_clicked    96] 点击了启动item，开始启动 ～～
2019-09-27 14:22:53,607     INFO [                  work.py       start_clicked    96] 点击了启动item，开始启动 ～～
2019-09-27 14:23:08,136     INFO [                  work.py       start_clicked    96] 点击了启动item，开始启动 ～～
2019-09-27 14:23:25,335     INFO [                  work.py       start_clicked    96] 点击了启动item，开始启动 ～～
2019-09-27 14:23:35,329     INFO [                  work.py        create_agent   285] create_agent
2019-09-27 14:23:35,536     INFO [                  work.py        create_agent   285] create_agent
2019-09-27 14:23:35,703     INFO [                  work.py        create_agent   285] create_agent
2019-09-27 14:23:35,864     INFO [                  work.py        create_agent   285] create_agent
2019-09-27 14:23:36,958     INFO [                  work.py        create_agent   285] create_agent
2019-09-27 14:23:39,650     INFO [                  work.py        create_agent   285] create_agent
2019-09-27 14:24:01,508     INFO [                  work.py       start_clicked    96] 点击了启动item，开始启动 ～～
2019-09-27 15:24:13,091     INFO [                  work.py        create_agent   283] create_agent
2019-09-27 15:24:32,605     INFO [                  work.py        create_agent   283] create_agent
2019-09-27 15:25:06,652     INFO [                  work.py        create_agent   282] <PyQt5.QtWidgets.QPushButton object at 0x7f1b2a845558>
2019-09-27 15:25:06,653     INFO [                  work.py        create_agent   284] create_agent
2019-09-27 15:44:24,454     INFO [                  work.py        create_agent   282] <PyQt5.QtWidgets.QPushButton object at 0x7ff80610d558>
2019-09-27 15:44:24,465     INFO [                  work.py        create_agent   283] <built-in method layout of TPCEAutoRunnerUI object at 0x7ff808ffb9d8>
2019-09-27 15:44:24,465     INFO [                  work.py        create_agent   285] create_agent
2019-09-27 15:45:23,806     INFO [                  work.py        create_agent   282] <PyQt5.QtWidgets.QPushButton object at 0x7ff4d91c8558>
2019-09-27 15:58:35,070     INFO [                  work.py        create_agent   282] <PyQt5.QtWidgets.QPushButton object at 0x7f4fe9b01558>
2019-09-27 16:06:51,683     INFO [                  work.py        create_agent   282] <PyQt5.QtWidgets.QPushButton object at 0x7f5ffe23b558>
2019-09-27 16:06:51,688     INFO [                  work.py        create_agent   283] <built-in method parent of TPCEAutoRunnerUI object at 0x7f600112b5e8>
2019-09-27 16:06:51,689     INFO [                  work.py        create_agent   284] create_agent
2019-09-27 16:07:29,642     INFO [                  work.py        create_agent   282] <PyQt5.QtWidgets.QPushButton object at 0x7f47eaf75558>
2019-09-27 16:07:29,643     INFO [                  work.py        create_agent   283] <built-in method parent of TPCEAutoRunnerUI object at 0x7f47ede649d8>
2019-09-27 16:07:29,647     INFO [                  work.py        create_agent   284] <class 'builtin_function_or_method'>
2019-09-27 16:07:29,647     INFO [                  work.py        create_agent   285] create_agent
2019-09-27 16:08:49,323     INFO [                  work.py        create_agent   282] <PyQt5.QtWidgets.QPushButton object at 0x7fbfd7d8c558>
2019-09-27 16:08:49,323     INFO [                  work.py        create_agent   283] <built-in method parent of TPCEAutoRunnerUI object at 0x7fbfdac795e8>
2019-09-27 16:08:49,324     INFO [                  work.py        create_agent   284] <class 'builtin_function_or_method'>
2019-09-27 16:11:57,700     INFO [                  work.py        create_agent   282] <PyQt5.QtWidgets.QPushButton object at 0x7f1bf99ee558>
2019-09-27 16:11:57,700     INFO [                  work.py        create_agent   283] <built-in method parent of TPCEAutoRunnerUI object at 0x7f1bfc8de9d8>
2019-09-27 16:11:57,700     INFO [                  work.py        create_agent   284] <class 'builtin_function_or_method'>
2019-09-27 16:14:53,399     INFO [                  work.py        create_agent   236] <PyQt5.QtWidgets.QPushButton object at 0x7f7788694558>
2019-09-27 16:14:53,400     INFO [                  work.py        create_agent   237] <built-in method parent of TPCEAutoRunnerUI object at 0x7f778b5819d8>
2019-09-27 16:14:53,400     INFO [                  work.py        create_agent   238] <class 'builtin_function_or_method'>
2019-09-27 16:14:53,401     INFO [                  work.py        create_agent   240] create_agent
2019-09-27 16:16:55,558     INFO [                  work.py        create_agent   236] self.sender():<PyQt5.QtWidgets.QPushButton object at 0x7f3aab24d558>
2019-09-27 16:16:55,559     INFO [                  work.py        create_agent   237] self.parent<built-in method parent of TPCEAutoRunnerUI object at 0x7f3aae13c9d8>
2019-09-27 16:16:55,559     INFO [                  work.py        create_agent   238] type(self.parent)<class 'builtin_function_or_method'>
2019-09-27 16:18:12,813     INFO [                  work.py        create_agent   236] self.sender():<PyQt5.QtWidgets.QPushButton object at 0x7fe494110558>
2019-09-27 16:18:12,830     INFO [                  work.py        create_agent   237] self.parent<built-in method parent of TPCEAutoRunnerUI object at 0x7fe496ffe5e8>
2019-09-27 16:18:12,830     INFO [                  work.py        create_agent   238] type(self.parent)<class 'builtin_function_or_method'>
2019-09-27 16:18:12,831     INFO [                  work.py        create_agent   239] param2:False
2019-09-27 16:18:20,311     INFO [                  work.py        create_agent   236] self.sender():<PyQt5.QtWidgets.QPushButton object at 0x7fe494110558>
2019-09-27 16:18:20,312     INFO [                  work.py        create_agent   237] self.parent<built-in method parent of TPCEAutoRunnerUI object at 0x7fe496ffe5e8>
2019-09-27 16:18:20,312     INFO [                  work.py        create_agent   238] type(self.parent)<class 'builtin_function_or_method'>
2019-09-27 16:18:20,313     INFO [                  work.py        create_agent   239] param2:False
2019-09-27 16:18:21,062     INFO [                  work.py        create_agent   236] self.sender():<PyQt5.QtWidgets.QPushButton object at 0x7fe494110558>
2019-09-27 16:18:21,062     INFO [                  work.py        create_agent   237] self.parent<built-in method parent of TPCEAutoRunnerUI object at 0x7fe496ffe5e8>
2019-09-27 16:18:21,062     INFO [                  work.py        create_agent   238] type(self.parent)<class 'builtin_function_or_method'>
2019-09-27 16:18:21,065     INFO [                  work.py        create_agent   239] param2:False
2019-09-27 16:18:21,557     INFO [                  work.py        create_agent   236] self.sender():<PyQt5.QtWidgets.QPushButton object at 0x7fe494110558>
2019-09-27 16:18:21,558     INFO [                  work.py        create_agent   237] self.parent<built-in method parent of TPCEAutoRunnerUI object at 0x7fe496ffe5e8>
2019-09-27 16:18:21,558     INFO [                  work.py        create_agent   238] type(self.parent)<class 'builtin_function_or_method'>
2019-09-27 16:18:21,558     INFO [                  work.py        create_agent   239] param2:False
2019-09-27 16:18:21,979     INFO [                  work.py        create_agent   236] self.sender():<PyQt5.QtWidgets.QPushButton object at 0x7fe494110558>
2019-09-27 16:18:21,980     INFO [                  work.py        create_agent   237] self.parent<built-in method parent of TPCEAutoRunnerUI object at 0x7fe496ffe5e8>
2019-09-27 16:18:21,981     INFO [                  work.py        create_agent   238] type(self.parent)<class 'builtin_function_or_method'>
2019-09-27 16:18:21,981     INFO [                  work.py        create_agent   239] param2:False
2019-09-27 16:19:07,568     INFO [                  work.py        create_agent   236] self.sender():<PyQt5.QtWidgets.QPushButton object at 0x7f01a794e558>
2019-09-27 16:19:07,569     INFO [                  work.py        create_agent   237] self.parent<built-in method parent of TPCEAutoRunnerUI object at 0x7f01aa83c9d8>
2019-09-27 16:19:07,570     INFO [                  work.py        create_agent   238] type(self.parent)<class 'builtin_function_or_method'>
2019-09-27 16:19:59,680     INFO [                  work.py        create_agent   236] self.sender(): <PyQt5.QtWidgets.QPushButton object at 0x7f335140e558>
2019-09-27 16:19:59,682     INFO [                  work.py        create_agent   237] self.parent: <built-in method parent of TPCEAutoRunnerUI object at 0x7f33542fc9d8>
2019-09-27 16:19:59,685     INFO [                  work.py        create_agent   239] type(self.parent): <class 'builtin_function_or_method'>
2019-09-27 16:21:28,377     INFO [                  work.py        create_agent   236] self.sender(): <PyQt5.QtWidgets.QPushButton object at 0x7f397a7bb5e8>
2019-09-27 16:21:28,378     INFO [                  work.py        create_agent   237] self.parent: <built-in method parent of TPCEAutoRunnerUI object at 0x7f397d6a9678>
2019-09-27 16:22:17,929     INFO [                  work.py        create_agent   236] self.sender(): <PyQt5.QtWidgets.QPushButton object at 0x7f9932191558>
2019-09-27 16:22:17,930     INFO [                  work.py        create_agent   237] self.parent: <built-in method parent of TPCEAutoRunnerUI object at 0x7f99350809d8>
2019-09-27 16:22:17,930     INFO [                  work.py        create_agent   238] <built-in method layout of QPushButton object at 0x7f9932191558>
2019-09-27 16:22:17,931     INFO [                  work.py        create_agent   240] type(self.parent): <class 'builtin_function_or_method'>
2019-09-27 16:31:26,638     INFO [                  work.py        create_agent   237] msgFalse
2019-09-27 16:31:30,614     INFO [                  work.py        create_agent   237] msgFalse
2019-09-27 16:31:31,149     INFO [                  work.py        create_agent   237] msgFalse
2019-09-27 16:31:31,525     INFO [                  work.py        create_agent   237] msgFalse
2019-09-27 16:31:31,909     INFO [                  work.py        create_agent   237] msgFalse
2019-09-27 16:31:39,980     INFO [                  work.py        create_agent   237] msgFalse
2019-09-27 16:31:40,369     INFO [                  work.py        create_agent   237] msgFalse
2019-09-27 16:31:40,721     INFO [                  work.py        create_agent   237] msgFalse
2019-09-27 16:31:41,056     INFO [                  work.py        create_agent   237] msgFalse
2019-09-27 16:31:41,367     INFO [                  work.py        create_agent   237] msgFalse
2019-09-27 16:31:41,639     INFO [                  work.py        create_agent   237] msgFalse
2019-09-27 16:31:41,903     INFO [                  work.py        create_agent   237] msgFalse
2019-09-27 16:31:42,190     INFO [                  work.py        create_agent   237] msgFalse
2019-09-27 16:31:42,581     INFO [                  work.py        create_agent   237] msgFalse
2019-09-27 16:31:43,053     INFO [                  work.py        create_agent   237] msgFalse
2019-09-27 16:31:43,675     INFO [                  work.py        create_agent   237] msgFalse
2019-09-27 16:31:44,258     INFO [                  work.py        create_agent   237] msgFalse
2019-09-27 16:31:44,921     INFO [                  work.py        create_agent   237] msgFalse
2019-09-27 16:31:45,472     INFO [                  work.py        create_agent   237] msgFalse
2019-09-27 16:37:19,686     INFO [                  work.py        create_agent   237] msgFalse
2019-09-27 16:37:39,112     INFO [                  work.py        create_agent   237] msgFalse
2019-09-27 16:37:40,462     INFO [                  work.py        create_agent   237] msgFalse
2019-09-27 16:37:41,172     INFO [                  work.py        create_agent   237] msgFalse
2019-09-27 16:40:11,872     INFO [                  work.py        create_agent   237] msgFalse
2019-09-27 16:42:15,975     INFO [                  work.py        create_agent   237] msgFalse
2019-09-27 16:42:26,381     INFO [                  work.py        create_agent   237] msgFalse
2019-09-27 16:42:26,382     INFO [                  work.py        create_agent   239] (0, 0, 0, 0)
2019-09-27 16:43:00,138     INFO [                  work.py        create_agent   237] msgFalse
2019-09-27 16:43:00,139     INFO [                  work.py        create_agent   239] <PyQt5.QtWidgets.QWidget object at 0x7f7ba90d3438>
2019-09-27 16:44:50,677     INFO [                  work.py        create_agent   237] msgFalse
2019-09-27 16:44:50,678     INFO [                  work.py        create_agent   239] <PyQt5.QtWidgets.QWidget object at 0x7f7cd9ada4c8>
2019-09-27 16:52:37,177     INFO [                  work.py        create_agent   237] msgFalse
2019-09-27 16:52:37,178     INFO [                  work.py        create_agent   239] <PyQt5.QtWidgets.QWidget object at 0x7f81c05774c8>
2019-09-27 16:53:05,221     INFO [                  work.py        create_agent   237] msgFalse
2019-09-27 16:53:05,222     INFO [                  work.py        create_agent   239] <PyQt5.QtWidgets.QWidget object at 0x7fb9c2c75438>
2019-09-27 16:53:05,222     INFO [                  work.py        create_agent   242] <built-in method layout of QWidget object at 0x7fb9c2c75438>
2019-09-27 16:56:47,225     INFO [                  work.py        create_agent   237] msgFalse
2019-09-27 16:56:47,225     INFO [                  work.py        create_agent   239] <PyQt5.QtWidgets.QWidget object at 0x7f5acf49a4c8>
2019-09-27 16:56:47,226     INFO [                  work.py        create_agent   242] <PyQt5.QtWidgets.QWidget object at 0x7f5acf49a4c8>
2019-09-27 16:58:13,597     INFO [                  work.py   create_settingBox   184] <PyQt5.QtWidgets.QWidget object at 0x7f55fb1d14c8>
2019-09-27 16:58:13,598     INFO [                  work.py   create_settingBox   185] <PyQt5.QtWidgets.QPushButton object at 0x7f55fb1d15e8>
2019-09-27 16:58:16,721     INFO [                  work.py        create_agent   240] msgFalse
2019-09-27 16:58:16,721     INFO [                  work.py        create_agent   242] <PyQt5.QtWidgets.QWidget object at 0x7f55fb1d14c8>
2019-09-27 16:58:16,725     INFO [                  work.py        create_agent   245] <PyQt5.QtWidgets.QWidget object at 0x7f55fb1d14c8>
2019-09-27 16:58:49,422     INFO [                  work.py        create_agent   240] msgFalse
2019-09-27 16:58:49,423     INFO [                  work.py        create_agent   242] <PyQt5.QtWidgets.QWidget object at 0x7f55fb1d14c8>
2019-09-27 16:58:49,424     INFO [                  work.py        create_agent   245] <PyQt5.QtWidgets.QWidget object at 0x7f55fb1d14c8>
2019-09-27 16:59:54,590     INFO [                  work.py   create_settingBox   184] tabBox<PyQt5.QtWidgets.QWidget object at 0x7fb60c91d4c8>
2019-09-27 16:59:54,591     INFO [                  work.py   create_settingBox   185] btn1<PyQt5.QtWidgets.QPushButton object at 0x7fb60c91d5e8>
2019-09-27 16:59:56,267     INFO [                  work.py        create_agent   240] msgFalse
2019-09-27 16:59:56,267     INFO [                  work.py        create_agent   242] <PyQt5.QtWidgets.QWidget object at 0x7fb60c91d4c8>
2019-09-27 16:59:56,268     INFO [                  work.py        create_agent   245] <PyQt5.QtWidgets.QWidget object at 0x7fb60c91d4c8>
2019-09-27 17:00:13,822     INFO [                  work.py   create_settingBox   184] tabBox:  <PyQt5.QtWidgets.QWidget object at 0x7fbde03104c8>
2019-09-27 17:00:13,823     INFO [                  work.py   create_settingBox   185] btn1:  <PyQt5.QtWidgets.QPushButton object at 0x7fbde03105e8>
2019-09-27 17:00:17,007     INFO [                  work.py        create_agent   240] msgFalse
2019-09-27 17:00:17,008     INFO [                  work.py        create_agent   242] <PyQt5.QtWidgets.QWidget object at 0x7fbde03104c8>
2019-09-27 17:00:17,008     INFO [                  work.py        create_agent   245] <PyQt5.QtWidgets.QWidget object at 0x7fbde03104c8>
2019-09-27 17:01:42,856     INFO [                  work.py   create_settingBox   184] tabBox:  <PyQt5.QtWidgets.QWidget object at 0x7f6a138544c8>
2019-09-27 17:01:42,857     INFO [                  work.py   create_settingBox   185] btn1:  <PyQt5.QtWidgets.QPushButton object at 0x7f6a138545e8>
2019-09-27 17:01:42,858     INFO [                  work.py   create_settingBox   186] layoutR_tab<PyQt5.QtWidgets.QVBoxLayout object at 0x7f6a13854558>
2019-09-27 17:01:45,370     INFO [                  work.py        create_agent   241] msgFalse
2019-09-27 17:01:45,370     INFO [                  work.py        create_agent   243] <PyQt5.QtWidgets.QWidget object at 0x7f6a138544c8>
2019-09-27 17:01:45,372     INFO [                  work.py        create_agent   246] <built-in method layout of QWidget object at 0x7f6a138544c8>
2019-09-27 17:02:33,091     INFO [                  work.py        create_agent   241] msgFalse
2019-09-27 17:02:33,091     INFO [                  work.py        create_agent   243] <PyQt5.QtWidgets.QWidget object at 0x7f6a138544c8>
2019-09-27 17:02:33,093     INFO [                  work.py        create_agent   246] <built-in method layout of QWidget object at 0x7f6a138544c8>
2019-09-27 17:25:13,293     INFO [                  work.py   create_settingBox   184] tabBox:  <PyQt5.QtWidgets.QWidget object at 0x7f8929a454c8>
2019-09-27 17:25:13,299     INFO [                  work.py   create_settingBox   185] btn1:  <PyQt5.QtWidgets.QPushButton object at 0x7f8929a455e8>
2019-09-27 17:25:13,300     INFO [                  work.py   create_settingBox   186] layoutR_tab:  <PyQt5.QtWidgets.QVBoxLayout object at 0x7f8929a45558>
2019-09-27 17:25:15,965     INFO [                  work.py        create_agent   241] msgFalse
2019-09-27 17:25:15,966     INFO [                  work.py        create_agent   243] <PyQt5.QtWidgets.QWidget object at 0x7f8929a454c8>
2019-09-27 17:25:15,970     INFO [                  work.py        create_agent   246] <built-in method layout of QWidget object at 0x7f8929a454c8>
2019-09-27 17:25:17,125     INFO [                  work.py        create_agent   241] msgFalse
2019-09-27 17:25:17,126     INFO [                  work.py        create_agent   243] <PyQt5.QtWidgets.QWidget object at 0x7f8929a454c8>
2019-09-27 17:25:17,126     INFO [                  work.py        create_agent   246] <built-in method layout of QWidget object at 0x7f8929a454c8>
2019-09-27 17:25:23,824     INFO [                  work.py       start_clicked    96] 点击了启动item，开始启动 ～～
2019-09-27 17:26:20,901     INFO [                  work.py   create_settingBox   184] tabBox:  <PyQt5.QtWidgets.QWidget object at 0x7fe67629c4c8>
2019-09-27 17:26:20,903     INFO [                  work.py   create_settingBox   185] btn1:  <PyQt5.QtWidgets.QPushButton object at 0x7fe67629c5e8>
2019-09-27 17:26:20,905     INFO [                  work.py   create_settingBox   186] layoutR_tab:  <PyQt5.QtWidgets.QVBoxLayout object at 0x7fe67629c558>
2019-09-27 17:26:24,442     INFO [                  work.py       start_clicked    96] 点击了启动item，开始启动 ～～
2019-09-27 17:26:29,980     INFO [                  work.py       start_clicked    96] 点击了启动item，开始启动 ～～
2019-09-27 17:26:31,026     INFO [                  work.py       start_clicked    96] 点击了启动item，开始启动 ～～
2019-09-27 17:26:31,529     INFO [                  work.py       start_clicked    96] 点击了启动item，开始启动 ～～
2019-09-27 17:26:31,809     INFO [                  work.py       start_clicked    96] 点击了启动item，开始启动 ～～
2019-09-27 17:26:31,977     INFO [                  work.py       start_clicked    96] 点击了启动item，开始启动 ～～
2019-09-27 17:26:32,152     INFO [                  work.py       start_clicked    96] 点击了启动item，开始启动 ～～
2019-09-27 17:26:32,312     INFO [                  work.py       start_clicked    96] 点击了启动item，开始启动 ～～
2019-09-27 17:26:32,464     INFO [                  work.py       start_clicked    96] 点击了启动item，开始启动 ～～
2019-09-27 17:26:32,616     INFO [                  work.py       start_clicked    96] 点击了启动item，开始启动 ～～
2019-09-27 17:26:32,783     INFO [                  work.py       start_clicked    96] 点击了启动item，开始启动 ～～
2019-09-27 17:26:32,944     INFO [                  work.py       start_clicked    96] 点击了启动item，开始启动 ～～
2019-09-27 17:33:48,652     INFO [                  work.py   create_settingBox   184] tabBox:  <PyQt5.QtWidgets.QWidget object at 0x7fe4f87264c8>
2019-09-27 17:33:48,658     INFO [                  work.py   create_settingBox   185] btn1:  <PyQt5.QtWidgets.QPushButton object at 0x7fe4f87265e8>
2019-09-27 17:33:48,659     INFO [                  work.py   create_settingBox   186] layoutR_tab:  <PyQt5.QtWidgets.QVBoxLayout object at 0x7fe4f8726558>
2019-09-27 17:34:30,747     INFO [                  work.py   create_settingBox   184] tabBox:  <PyQt5.QtWidgets.QWidget object at 0x7f7a4b2a14c8>
2019-09-27 17:34:30,748     INFO [                  work.py   create_settingBox   185] btn1:  <PyQt5.QtWidgets.QPushButton object at 0x7f7a4b2a15e8>
2019-09-27 17:34:30,748     INFO [                  work.py   create_settingBox   186] layoutR_tab:  <PyQt5.QtWidgets.QVBoxLayout object at 0x7f7a4b2a1558>
2019-09-27 17:34:52,327     INFO [                  work.py   create_settingBox   184] tabBox:  <PyQt5.QtWidgets.QWidget object at 0x7faea02ea4c8>
2019-09-27 17:34:52,328     INFO [                  work.py   create_settingBox   185] btn1:  <PyQt5.QtWidgets.QPushButton object at 0x7faea02ea5e8>
2019-09-27 17:34:52,329     INFO [                  work.py   create_settingBox   186] layoutR_tab:  <PyQt5.QtWidgets.QVBoxLayout object at 0x7faea02ea558>
2019-09-27 17:35:30,633     INFO [                  work.py   create_settingBox   184] tabBox:  <PyQt5.QtWidgets.QWidget object at 0x7f30bef024c8>
2019-09-27 17:35:30,634     INFO [                  work.py   create_settingBox   185] btn1:  <PyQt5.QtWidgets.QPushButton object at 0x7f30bef025e8>
2019-09-27 17:35:30,634     INFO [                  work.py   create_settingBox   186] layoutR_tab:  <PyQt5.QtWidgets.QVBoxLayout object at 0x7f30bef02558>
2019-09-27 17:35:43,904     INFO [                  work.py       start_clicked    96] 点击了启动item，开始启动 ～～
2019-09-27 17:35:51,830     INFO [                  work.py        create_agent   241] msgFalse
2019-09-27 17:35:51,831     INFO [                  work.py        create_agent   243] <PyQt5.QtWidgets.QWidget object at 0x7f30bef024c8>
2019-09-27 17:35:51,831     INFO [                  work.py        create_agent   246] <built-in method layout of QWidget object at 0x7f30bef024c8>
2019-09-27 17:35:58,188     INFO [                  work.py       start_clicked    96] 点击了启动item，开始启动 ～～
2019-09-27 17:39:05,558     INFO [                  work.py   create_settingBox   184] tabBox:  <PyQt5.QtWidgets.QWidget object at 0x7f18dabf6558>
2019-09-27 17:39:05,559     INFO [                  work.py   create_settingBox   185] btn1:  <PyQt5.QtWidgets.QPushButton object at 0x7f18dabf6678>
2019-09-27 17:39:05,560     INFO [                  work.py   create_settingBox   186] layoutR_tab:  <PyQt5.QtWidgets.QVBoxLayout object at 0x7f18dabf65e8>
2019-09-27 17:40:13,500     INFO [                  work.py   create_settingBox   184] tabBox:  <PyQt5.QtWidgets.QWidget object at 0x7f26d81f74c8>
2019-09-27 17:40:13,501     INFO [                  work.py   create_settingBox   185] btn1:  <PyQt5.QtWidgets.QPushButton object at 0x7f26d81f75e8>
2019-09-27 17:40:13,501     INFO [                  work.py   create_settingBox   186] layoutR_tab:  <PyQt5.QtWidgets.QVBoxLayout object at 0x7f26d81f7558>
2019-09-27 17:40:18,925     INFO [                  work.py   create_settingBox   184] tabBox:  <PyQt5.QtWidgets.QWidget object at 0x7f42dbb764c8>
2019-09-27 17:40:18,926     INFO [                  work.py   create_settingBox   185] btn1:  <PyQt5.QtWidgets.QPushButton object at 0x7f42dbb765e8>
2019-09-27 17:40:18,926     INFO [                  work.py   create_settingBox   186] layoutR_tab:  <PyQt5.QtWidgets.QVBoxLayout object at 0x7f42dbb76558>
2019-09-27 17:40:38,242     INFO [                  work.py   create_settingBox   184] tabBox:  <PyQt5.QtWidgets.QWidget object at 0x7f9c0135d4c8>
2019-09-27 17:40:38,243     INFO [                  work.py   create_settingBox   185] btn1:  <PyQt5.QtWidgets.QPushButton object at 0x7f9c0135d5e8>
2019-09-27 17:40:38,244     INFO [                  work.py   create_settingBox   186] layoutR_tab:  <PyQt5.QtWidgets.QVBoxLayout object at 0x7f9c0135d558>
2019-09-27 17:42:31,098     INFO [                  work.py   create_settingBox   184] tabBox:  <PyQt5.QtWidgets.QWidget object at 0x7fda1dab74c8>
2019-09-27 17:42:31,099     INFO [                  work.py   create_settingBox   185] btn1:  <PyQt5.QtWidgets.QPushButton object at 0x7fda1dab75e8>
2019-09-27 17:42:31,099     INFO [                  work.py   create_settingBox   186] layoutR_tab:  <PyQt5.QtWidgets.QVBoxLayout object at 0x7fda1dab7558>
2019-09-27 17:42:33,161     INFO [                  work.py       start_clicked    96] 点击了启动item，开始启动 ～～
2019-09-27 17:43:32,621     INFO [                  work.py   create_settingBox   184] tabBox:  <PyQt5.QtWidgets.QWidget object at 0x7f760e16d4c8>
2019-09-27 17:43:32,622     INFO [                  work.py   create_settingBox   185] btn1:  <PyQt5.QtWidgets.QPushButton object at 0x7f760e16d5e8>
2019-09-27 17:43:32,622     INFO [                  work.py   create_settingBox   186] layoutR_tab:  <PyQt5.QtWidgets.QVBoxLayout object at 0x7f760e16d558>
2019-09-27 17:43:42,858     INFO [                  work.py       start_clicked    96] 点击了启动item，开始启动 ～～
2019-09-27 17:43:46,036     INFO [                  work.py       start_clicked    96] 点击了启动item，开始启动 ～～
2019-09-27 17:43:49,365     INFO [                  work.py       start_clicked    96] 点击了启动item，开始启动 ～～
2019-09-27 17:43:56,270     INFO [                  work.py       start_clicked    96] 点击了启动item，开始启动 ～～
2019-09-27 17:45:05,217     INFO [                  work.py   create_settingBox   184] tabBox:  <PyQt5.QtWidgets.QWidget object at 0x7f894cab24c8>
2019-09-27 17:45:05,217     INFO [                  work.py   create_settingBox   185] btn1:  <PyQt5.QtWidgets.QPushButton object at 0x7f894cab25e8>
2019-09-27 17:45:05,217     INFO [                  work.py   create_settingBox   186] layoutR_tab:  <PyQt5.QtWidgets.QVBoxLayout object at 0x7f894cab2558>
2019-09-27 17:45:09,125     INFO [                  work.py       start_clicked    96] 点击了启动item，开始启动 ～～
2019-09-27 17:45:52,025     INFO [                  work.py   create_settingBox   184] tabBox:  <PyQt5.QtWidgets.QWidget object at 0x7fbd13a874c8>
2019-09-27 17:45:52,026     INFO [                  work.py   create_settingBox   185] btn1:  <PyQt5.QtWidgets.QPushButton object at 0x7fbd13a875e8>
2019-09-27 17:45:52,026     INFO [                  work.py   create_settingBox   186] layoutR_tab:  <PyQt5.QtWidgets.QVBoxLayout object at 0x7fbd13a87558>
2019-09-27 17:45:57,179     INFO [                  work.py       start_clicked    96] 点击了启动item，开始启动 ～～
2019-09-27 17:46:00,970     INFO [                  work.py       start_clicked    96] 点击了启动item，开始启动 ～～
2019-09-27 17:46:06,794     INFO [                  work.py   create_settingBox   184] tabBox:  <PyQt5.QtWidgets.QWidget object at 0x7fbdf3dad4c8>
2019-09-27 17:46:06,794     INFO [                  work.py   create_settingBox   185] btn1:  <PyQt5.QtWidgets.QPushButton object at 0x7fbdf3dad5e8>
2019-09-27 17:46:06,795     INFO [                  work.py   create_settingBox   186] layoutR_tab:  <PyQt5.QtWidgets.QVBoxLayout object at 0x7fbdf3dad558>
2019-09-27 17:46:08,708     INFO [                  work.py       start_clicked    96] 点击了启动item，开始启动 ～～
2019-09-27 17:46:28,015     INFO [                  work.py   create_settingBox   184] tabBox:  <PyQt5.QtWidgets.QWidget object at 0x7fb8c78fb4c8>
2019-09-27 17:46:28,016     INFO [                  work.py   create_settingBox   185] btn1:  <PyQt5.QtWidgets.QPushButton object at 0x7fb8c78fb5e8>
2019-09-27 17:46:28,016     INFO [                  work.py   create_settingBox   186] layoutR_tab:  <PyQt5.QtWidgets.QVBoxLayout object at 0x7fb8c78fb558>
2019-09-27 17:48:58,970     INFO [                  work.py   create_settingBox   184] tabBox:  <PyQt5.QtWidgets.QWidget object at 0x7fc376d214c8>
2019-09-27 17:48:58,973     INFO [                  work.py   create_settingBox   185] btn1:  <PyQt5.QtWidgets.QPushButton object at 0x7fc376d215e8>
2019-09-27 17:48:58,973     INFO [                  work.py   create_settingBox   186] layoutR_tab:  <PyQt5.QtWidgets.QVBoxLayout object at 0x7fc376d21558>
2019-09-27 17:56:56,104     INFO [                  work.py   create_settingBox   193] tabBox:  <PyQt5.QtWidgets.QWidget object at 0x7f26316364c8>
2019-09-27 17:56:56,105     INFO [                  work.py   create_settingBox   194] btn1:  <PyQt5.QtWidgets.QPushButton object at 0x7f26316365e8>
2019-09-27 17:56:56,106     INFO [                  work.py   create_settingBox   195] layoutR_tab:  <PyQt5.QtWidgets.QVBoxLayout object at 0x7f2631636558>
2019-09-27 17:57:13,476     INFO [                  work.py   create_settingBox   193] tabBox:  <PyQt5.QtWidgets.QWidget object at 0x7fc0da4824c8>
2019-09-27 17:57:13,476     INFO [                  work.py   create_settingBox   194] btn1:  <PyQt5.QtWidgets.QPushButton object at 0x7fc0da4825e8>
2019-09-27 17:57:13,477     INFO [                  work.py   create_settingBox   195] layoutR_tab:  <PyQt5.QtWidgets.QVBoxLayout object at 0x7fc0da482558>
2019-09-27 17:59:39,196     INFO [                  work.py   create_settingBox   196] tabBox:  <PyQt5.QtWidgets.QWidget object at 0x7f8afc9244c8>
2019-09-27 17:59:39,197     INFO [                  work.py   create_settingBox   197] btn1:  <PyQt5.QtWidgets.QPushButton object at 0x7f8afc9245e8>
2019-09-27 17:59:39,197     INFO [                  work.py   create_settingBox   198] layoutR_tab:  <PyQt5.QtWidgets.QVBoxLayout object at 0x7f8afc924558>
2019-09-27 18:01:11,362     INFO [                  work.py   create_settingBox   197] tabBox:  <PyQt5.QtWidgets.QWidget object at 0x7f03ac1ed4c8>
2019-09-27 18:01:11,372     INFO [                  work.py   create_settingBox   198] btn1:  <PyQt5.QtWidgets.QPushButton object at 0x7f03ac1ed5e8>
2019-09-27 18:01:11,373     INFO [                  work.py   create_settingBox   199] layoutR_tab:  <PyQt5.QtWidgets.QVBoxLayout object at 0x7f03ac1ed558>
2019-09-27 18:02:51,390     INFO [                  work.py   create_settingBox   197] tabBox:  <PyQt5.QtWidgets.QWidget object at 0x7fd94b0af438>
2019-09-27 18:02:51,391     INFO [                  work.py   create_settingBox   198] btn1:  <PyQt5.QtWidgets.QPushButton object at 0x7fd94b0af558>
2019-09-27 18:02:51,391     INFO [                  work.py   create_settingBox   199] layoutR_tab:  <PyQt5.QtWidgets.QVBoxLayout object at 0x7fd94b0af4c8>
2019-09-27 18:02:52,879     INFO [                  work.py        create_agent   254] msgFalse
2019-09-27 18:02:52,880     INFO [                  work.py        create_agent   256] <PyQt5.QtWidgets.QWidget object at 0x7fd94b0af438>
2019-09-27 18:02:52,880     INFO [                  work.py        create_agent   259] <built-in method layout of QWidget object at 0x7fd94b0af438>
2019-09-27 18:02:52,882     INFO [                  work.py        create_agent   260] <built-in method layout of QPushButton object at 0x7fd94b0af558>
2019-09-27 18:05:00,758     INFO [                  work.py        create_agent   254] msgFalse
2019-09-27 18:05:00,758     INFO [                  work.py        create_agent   256] <PyQt5.QtWidgets.QWidget object at 0x7fd94b0af438>
2019-09-27 18:05:00,759     INFO [                  work.py        create_agent   259] <built-in method layout of QWidget object at 0x7fd94b0af438>
2019-09-27 18:05:00,759     INFO [                  work.py        create_agent   260] <built-in method layout of QPushButton object at 0x7fd94b0af558>
2019-09-27 18:26:07,199     INFO [                  work.py        create_agent   248] <PyQt5.QtWidgets.QWidget object at 0x7ff22bcd4798>
2019-09-27 18:26:07,205     INFO [                  work.py        create_agent   251] <built-in method layout of QWidget object at 0x7ff22bcd4798>
2019-09-27 18:26:07,206     INFO [                  work.py        create_agent   252] <built-in method layout of QListWidget object at 0x7ff22a8dd4c8>
2019-09-27 18:27:32,797     INFO [                  work.py        create_agent   248] <PyQt5.QtWidgets.QWidget object at 0x7f8b7f8da708>
2019-09-27 18:27:32,799     INFO [                  work.py        create_agent   251] <built-in method layout of QWidget object at 0x7f8b7f8da708>
2019-09-27 18:27:32,799     INFO [                  work.py        create_agent   252] <built-in method layout of QListWidget object at 0x7f8b7e4e2438>
2019-09-27 18:28:18,035     INFO [                  work.py        create_agent   248] <PyQt5.QtWidgets.QWidget object at 0x7f55a1baf708>
2019-09-27 18:28:18,037     INFO [                  work.py        create_agent   251] <built-in method layout of QWidget object at 0x7f55a1baf708>
2019-09-27 18:28:18,038     INFO [                  work.py        create_agent   252] <built-in method layout of QListWidget object at 0x7f55a07b6438>
